C:\Program Files (x86)\Microsoft Visual Studio\2019\Community\MSBuild\Microsoft\VC\v160\Platforms\x64\ImportBefore\Default\vcpkg.system.props(7,3): warning MSB4011: "C:\Users\kanha\AppData\Local\vcpkg\vcpkg.user.props" cannot be imported again. It was already imported at "C:\Program Files (x86)\Microsoft Visual Studio\2019\Community\MSBuild\Current\Imports\Microsoft.Common.props\ImportBefore\vcpkg.system.props (7,3)". This is most likely a build authoring error. This subsequent import will be ignored. [E:\PROGRAMMING\VisualStudioProjects\RMD160-Sort\RMD160-Sort\RMD160-Sort.vcxproj]
C:\Program Files (x86)\Microsoft Visual Studio\2019\Community\MSBuild\Microsoft\VC\v160\Platforms\x64\ImportBefore\Default\vcpkg.system.props(8,3): warning MSB4011: "C:\Users\kanha\AppData\Local\vcpkg\vcpkg.user.targets" cannot be imported again. It was already imported at "C:\Program Files (x86)\Microsoft Visual Studio\2019\Community\MSBuild\Current\Imports\Microsoft.Common.props\ImportBefore\vcpkg.system.props (8,3)". This is most likely a build authoring error. This subsequent import will be ignored. [E:\PROGRAMMING\VisualStudioProjects\RMD160-Sort\RMD160-Sort\RMD160-Sort.vcxproj]
C:\Program Files (x86)\Microsoft Visual Studio\2019\Community\MSBuild\Microsoft\VC\v160\Platforms\x64\ImportBefore\vcpkg.system.props(7,3): warning MSB4011: "C:\Users\kanha\AppData\Local\vcpkg\vcpkg.user.props" cannot be imported again. It was already imported at "C:\Program Files (x86)\Microsoft Visual Studio\2019\Community\MSBuild\Current\Imports\Microsoft.Common.props\ImportBefore\vcpkg.system.props (7,3)". This is most likely a build authoring error. This subsequent import will be ignored. [E:\PROGRAMMING\VisualStudioProjects\RMD160-Sort\RMD160-Sort\RMD160-Sort.vcxproj]
C:\Program Files (x86)\Microsoft Visual Studio\2019\Community\MSBuild\Microsoft\VC\v160\Platforms\x64\ImportBefore\vcpkg.system.props(8,3): warning MSB4011: "C:\Users\kanha\AppData\Local\vcpkg\vcpkg.user.targets" cannot be imported again. It was already imported at "C:\Program Files (x86)\Microsoft Visual Studio\2019\Community\MSBuild\Current\Imports\Microsoft.Common.props\ImportBefore\vcpkg.system.props (8,3)". This is most likely a build authoring error. This subsequent import will be ignored. [E:\PROGRAMMING\VisualStudioProjects\RMD160-Sort\RMD160-Sort\RMD160-Sort.vcxproj]
C:\Program Files (x86)\Microsoft Visual Studio\2019\Community\MSBuild\Microsoft\VC\v160\Microsoft.Cpp.Common.props(263,3): warning MSB4011: "C:\Users\kanha\AppData\Local\vcpkg\vcpkg.user.props" cannot be imported again. It was already imported at "C:\Program Files (x86)\Microsoft Visual Studio\2019\Community\MSBuild\Current\Imports\Microsoft.Common.props\ImportBefore\vcpkg.system.props (7,3)". This is most likely a build authoring error. This subsequent import will be ignored. [E:\PROGRAMMING\VisualStudioProjects\RMD160-Sort\RMD160-Sort\RMD160-Sort.vcxproj]
C:\Program Files (x86)\Microsoft Visual Studio\2019\Community\MSBuild\Microsoft\VC\v160\Microsoft.CppCommon.targets(2486,3): warning MSB4011: "C:\Users\kanha\AppData\Local\vcpkg\vcpkg.user.targets" cannot be imported again. It was already imported at "C:\Program Files (x86)\Microsoft Visual Studio\2019\Community\MSBuild\Current\Imports\Microsoft.Common.props\ImportBefore\vcpkg.system.props (8,3)". This is most likely a build authoring error. This subsequent import will be ignored. [E:\PROGRAMMING\VisualStudioProjects\RMD160-Sort\RMD160-Sort\RMD160-Sort.vcxproj]
  RMD160-Sort.cpp
E:\PROGRAMMING\VisualStudioProjects\RMD160-Sort\RMD160-Sort\RMD160-Sort.cpp(211,30): warning C4474: 'printf' : too many arguments passed for format string
E:\PROGRAMMING\VisualStudioProjects\RMD160-Sort\RMD160-Sort\RMD160-Sort.cpp(211,30): message : placeholders and their parameters expect 0 variadic arguments, but 1 were provided
E:\PROGRAMMING\VisualStudioProjects\RMD160-Sort\RMD160-Sort\RMD160-Sort.cpp(214,36): warning C4474: 'printf' : too many arguments passed for format string
E:\PROGRAMMING\VisualStudioProjects\RMD160-Sort\RMD160-Sort\RMD160-Sort.cpp(214,36): message : placeholders and their parameters expect 0 variadic arguments, but 1 were provided
E:\PROGRAMMING\VisualStudioProjects\RMD160-Sort\RMD160-Sort\RMD160-Sort.cpp(216,30): warning C4474: 'printf' : too many arguments passed for format string
E:\PROGRAMMING\VisualStudioProjects\RMD160-Sort\RMD160-Sort\RMD160-Sort.cpp(216,30): message : placeholders and their parameters expect 0 variadic arguments, but 1 were provided
E:\PROGRAMMING\VisualStudioProjects\RMD160-Sort\RMD160-Sort\RMD160-Sort.cpp(219,36): warning C4474: 'printf' : too many arguments passed for format string
E:\PROGRAMMING\VisualStudioProjects\RMD160-Sort\RMD160-Sort\RMD160-Sort.cpp(219,36): message : placeholders and their parameters expect 0 variadic arguments, but 1 were provided
E:\PROGRAMMING\VisualStudioProjects\RMD160-Sort\RMD160-Sort\RMD160-Sort.cpp(221,29): warning C4474: 'printf' : too many arguments passed for format string
E:\PROGRAMMING\VisualStudioProjects\RMD160-Sort\RMD160-Sort\RMD160-Sort.cpp(221,29): message : placeholders and their parameters expect 0 variadic arguments, but 1 were provided
E:\PROGRAMMING\VisualStudioProjects\RMD160-Sort\RMD160-Sort\RMD160-Sort.cpp(223,35): warning C4474: 'printf' : too many arguments passed for format string
E:\PROGRAMMING\VisualStudioProjects\RMD160-Sort\RMD160-Sort\RMD160-Sort.cpp(223,35): message : placeholders and their parameters expect 0 variadic arguments, but 1 were provided
  Generating code
  Previous IPDB not found, fall back to full compilation.
  All 14 functions were compiled because no usable IPDB/IOBJ from previous compilation was found.
  Finished generating code
  RMD160-Sort.vcxproj -> E:\PROGRAMMING\VisualStudioProjects\RMD160-Sort\x64\Release\RMD160-Sort.exe
